F:\DIJKSTRA 2\DIJKSTRA 3\DEBUG\DIJKSTRA 2.EXE
F:\DIJKSTRA 2\DIJKSTRA 3\DEBUG\DIJKSTRA 2.ILK
F:\DIJKSTRA 2\DIJKSTRA 3\DEBUG\DIJKSTRA 2.PDB
F:\dijkstra 2\dijkstra 3\dijkstra 2\Debug\cl.command.1.tlog
F:\dijkstra 2\dijkstra 3\dijkstra 2\Debug\CL.read.1.tlog
F:\dijkstra 2\dijkstra 3\dijkstra 2\Debug\CL.write.1.tlog
F:\DIJKSTRA 2\DIJKSTRA 3\DIJKSTRA 2\DEBUG\DIJKSTRA 2.EXE.EMBED.MANIFEST
F:\DIJKSTRA 2\DIJKSTRA 3\DIJKSTRA 2\DEBUG\DIJKSTRA 2.EXE.EMBED.MANIFEST.RES
F:\DIJKSTRA 2\DIJKSTRA 3\DIJKSTRA 2\DEBUG\DIJKSTRA 2.EXE.INTERMEDIATE.MANIFEST
F:\dijkstra 2\dijkstra 3\dijkstra 2\Debug\dijkstra 2.vcxprojResolveAssemblyReference.cache
F:\dijkstra 2\dijkstra 3\dijkstra 2\Debug\dijkstra 2.write.1.tlog
F:\dijkstra 2\dijkstra 3\dijkstra 2\Debug\dijkstra 2_manifest.rc
F:\DIJKSTRA 2\DIJKSTRA 3\DIJKSTRA 2\DEBUG\GRAPHE.OBJ
F:\DIJKSTRA 2\DIJKSTRA 3\DIJKSTRA 2\DEBUG\LIAISON.OBJ
F:\dijkstra 2\dijkstra 3\dijkstra 2\Debug\link.2120.read.1.tlog
F:\dijkstra 2\dijkstra 3\dijkstra 2\Debug\link.2120.write.1.tlog
F:\dijkstra 2\dijkstra 3\dijkstra 2\Debug\link.2120-cvtres.read.1.tlog
F:\dijkstra 2\dijkstra 3\dijkstra 2\Debug\link.2120-cvtres.write.1.tlog
F:\dijkstra 2\dijkstra 3\dijkstra 2\Debug\link.command.1.tlog
F:\dijkstra 2\dijkstra 3\dijkstra 2\Debug\link.read.1.tlog
F:\dijkstra 2\dijkstra 3\dijkstra 2\Debug\link.write.1.tlog
F:\dijkstra 2\dijkstra 3\dijkstra 2\Debug\link-cvtres.read.1.tlog
F:\dijkstra 2\dijkstra 3\dijkstra 2\Debug\link-cvtres.write.1.tlog
F:\DIJKSTRA 2\DIJKSTRA 3\DIJKSTRA 2\DEBUG\MAIN.OBJ
F:\dijkstra 2\dijkstra 3\dijkstra 2\Debug\mt.command.1.tlog
F:\dijkstra 2\dijkstra 3\dijkstra 2\Debug\mt.read.1.tlog
F:\dijkstra 2\dijkstra 3\dijkstra 2\Debug\mt.write.1.tlog
F:\dijkstra 2\dijkstra 3\dijkstra 2\Debug\rc.command.1.tlog
F:\dijkstra 2\dijkstra 3\dijkstra 2\Debug\rc.read.1.tlog
F:\dijkstra 2\dijkstra 3\dijkstra 2\Debug\rc.write.1.tlog
F:\DIJKSTRA 2\DIJKSTRA 3\DIJKSTRA 2\DEBUG\STATION.OBJ
F:\dijkstra 2\dijkstra 3\dijkstra 2\Debug\vc100.idb
F:\DIJKSTRA 2\DIJKSTRA 3\DIJKSTRA 2\DEBUG\VC100.PDB
